2015-05-14 15:42:56.644 HelloWorld[1614:38689] DiskCookieStorage changing policy from 2 to 0, cookie file: file:///Users/letterbomb/Library/Developer/CoreSimulator/Devices/2764D36B-C747-4D25-9A04-718E5C419988/data/Containers/Data/Application/23C74D6F-94AE-4B62-805B-868885740167/Library/Cookies/Cookies.binarycookies
2015-05-14 15:42:56.919 HelloWorld[1614:38689] Apache Cordova native platform version 3.8.0 is starting.
2015-05-14 15:42:56.919 HelloWorld[1614:38689] Multi-tasking -> Device: YES, App: YES
2015-05-14 15:42:56.931 HelloWorld[1614:38689] Unlimited access to network resources
2015-05-14 15:42:56.940 HelloWorld[1614:38689] 

Started backup to iCloud! Please be careful.
Your application might be rejected by Apple if you store too much data.
For more information please read "iOS Data Storage Guidelines" at:
https://developer.apple.com/icloud/documentation/data-storage/
To disable web storage backup to iCloud, set the BackupWebStorage preference to "local" in the Cordova config.xml file

2015-05-14 15:42:57.804 HelloWorld[1614:38689] Resetting plugins due to page load.
2015-05-14 15:42:58.019 HelloWorld[1614:38689] Finished load of: file:///Users/letterbomb/Library/Developer/CoreSimulator/Devices/2764D36B-C747-4D25-9A04-718E5C419988/data/Containers/Bundle/Application/7F462C87-4FB7-4EF7-94B7-1B3914644C6F/HelloWorld.app/www/index.html
2015-05-14 15:43:27.174 HelloWorld[1614:39427] Communications error: <OS_xpc_error: <error: 0x2d3b5f4> { count = 1, contents =
	"XPCErrorDescription" => <string: 0x2d3b83c> { length = 22, contents = "Connection interrupted" }
}>
2015-05-14 16:07:10.637 HelloWorld[2609:51521] DiskCookieStorage changing policy from 2 to 0, cookie file: file:///Users/letterbomb/Library/Developer/CoreSimulator/Devices/2764D36B-C747-4D25-9A04-718E5C419988/data/Containers/Data/Application/6CEEE9AD-B743-4094-841A-6875684697AD/Library/Cookies/Cookies.binarycookies
2015-05-14 16:07:11.241 HelloWorld[2609:51521] Apache Cordova native platform version 3.8.0 is starting.
2015-05-14 16:07:11.241 HelloWorld[2609:51521] Multi-tasking -> Device: YES, App: YES
2015-05-14 16:07:11.260 HelloWorld[2609:51521] Unlimited access to network resources
2015-05-14 16:07:11.273 HelloWorld[2609:51521] 

Started backup to iCloud! Please be careful.
Your application might be rejected by Apple if you store too much data.
For more information please read "iOS Data Storage Guidelines" at:
https://developer.apple.com/icloud/documentation/data-storage/
To disable web storage backup to iCloud, set the BackupWebStorage preference to "local" in the Cordova config.xml file

2015-05-14 16:07:12.022 HelloWorld[2609:51521] Resetting plugins due to page load.
2015-05-14 16:07:12.379 HelloWorld[2609:51521] Finished load of: file:///Users/letterbomb/Library/Developer/CoreSimulator/Devices/2764D36B-C747-4D25-9A04-718E5C419988/data/Containers/Bundle/Application/6EA77416-94C1-42BC-AD73-909461CA0027/HelloWorld.app/www/index.html
2015-05-14 16:10:07.168 HelloWorld[2824:53855] DiskCookieStorage changing policy from 2 to 0, cookie file: file:///Users/letterbomb/Library/Developer/CoreSimulator/Devices/2764D36B-C747-4D25-9A04-718E5C419988/data/Containers/Data/Application/8602B792-CF65-495B-B435-433686D23835/Library/Cookies/Cookies.binarycookies
2015-05-14 16:10:07.569 HelloWorld[2824:53855] Apache Cordova native platform version 3.8.0 is starting.
2015-05-14 16:10:07.570 HelloWorld[2824:53855] Multi-tasking -> Device: YES, App: YES
2015-05-14 16:10:07.581 HelloWorld[2824:53855] Unlimited access to network resources
2015-05-14 16:10:07.592 HelloWorld[2824:53855] 

Started backup to iCloud! Please be careful.
Your application might be rejected by Apple if you store too much data.
For more information please read "iOS Data Storage Guidelines" at:
https://developer.apple.com/icloud/documentation/data-storage/
To disable web storage backup to iCloud, set the BackupWebStorage preference to "local" in the Cordova config.xml file

2015-05-14 16:10:08.252 HelloWorld[2824:53855] Resetting plugins due to page load.
2015-05-14 16:10:08.503 HelloWorld[2824:53855] Finished load of: file:///Users/letterbomb/Library/Developer/CoreSimulator/Devices/2764D36B-C747-4D25-9A04-718E5C419988/data/Containers/Bundle/Application/2A729C9F-A6A7-48D4-921C-349171654C6D/HelloWorld.app/www/index.html
2015-05-14 16:11:33.017 HelloWorld[2985:55282] DiskCookieStorage changing policy from 2 to 0, cookie file: file:///Users/letterbomb/Library/Developer/CoreSimulator/Devices/2764D36B-C747-4D25-9A04-718E5C419988/data/Containers/Data/Application/4F4CC8AB-71A0-45B8-87B9-6BE34B675F90/Library/Cookies/Cookies.binarycookies
2015-05-14 16:11:33.285 HelloWorld[2985:55282] Apache Cordova native platform version 3.8.0 is starting.
2015-05-14 16:11:33.285 HelloWorld[2985:55282] Multi-tasking -> Device: YES, App: YES
2015-05-14 16:11:33.301 HelloWorld[2985:55282] Unlimited access to network resources
2015-05-14 16:11:33.310 HelloWorld[2985:55282] 

Started backup to iCloud! Please be careful.
Your application might be rejected by Apple if you store too much data.
For more information please read "iOS Data Storage Guidelines" at:
https://developer.apple.com/icloud/documentation/data-storage/
To disable web storage backup to iCloud, set the BackupWebStorage preference to "local" in the Cordova config.xml file

2015-05-14 16:11:33.907 HelloWorld[2985:55282] Resetting plugins due to page load.
2015-05-14 16:11:34.107 HelloWorld[2985:55282] Finished load of: file:///Users/letterbomb/Library/Developer/CoreSimulator/Devices/2764D36B-C747-4D25-9A04-718E5C419988/data/Containers/Bundle/Application/142014BD-CFAF-4EB0-823F-A45A655BA757/HelloWorld.app/www/index.html
2015-05-14 16:17:58.277 HelloWorld[3162:57839] DiskCookieStorage changing policy from 2 to 0, cookie file: file:///Users/letterbomb/Library/Developer/CoreSimulator/Devices/2764D36B-C747-4D25-9A04-718E5C419988/data/Containers/Data/Application/FEC8E720-9709-4585-89E2-73C2BF225DA8/Library/Cookies/Cookies.binarycookies
2015-05-14 16:17:58.695 HelloWorld[3162:57839] Apache Cordova native platform version 3.8.0 is starting.
2015-05-14 16:17:58.696 HelloWorld[3162:57839] Multi-tasking -> Device: YES, App: YES
2015-05-14 16:17:58.709 HelloWorld[3162:57839] Unlimited access to network resources
2015-05-14 16:17:58.720 HelloWorld[3162:57839] 

Started backup to iCloud! Please be careful.
Your application might be rejected by Apple if you store too much data.
For more information please read "iOS Data Storage Guidelines" at:
https://developer.apple.com/icloud/documentation/data-storage/
To disable web storage backup to iCloud, set the BackupWebStorage preference to "local" in the Cordova config.xml file

2015-05-14 16:17:59.353 HelloWorld[3162:57839] Resetting plugins due to page load.
2015-05-14 16:18:14.762 HelloWorld[3162:57924] void SendDelegateMessage(NSInvocation *): delegate (webView:runJavaScriptAlertPanelWithMessage:initiatedByFrame:) failed to return after waiting 10 seconds. main run loop mode: kCFRunLoopDefaultMode
2015-05-14 16:18:14.969 HelloWorld[3162:57839] Finished load of: file:///Users/letterbomb/Library/Developer/CoreSimulator/Devices/2764D36B-C747-4D25-9A04-718E5C419988/data/Containers/Bundle/Application/8DD10047-0A6E-4DF6-9039-572BCE66A87E/HelloWorld.app/www/index.html
2015-05-14 16:19:11.621 HelloWorld[3353:59528] DiskCookieStorage changing policy from 2 to 0, cookie file: file:///Users/letterbomb/Library/Developer/CoreSimulator/Devices/2764D36B-C747-4D25-9A04-718E5C419988/data/Containers/Data/Application/42EF3DD2-E51F-41A8-8AC8-0D6A5C0A7BA1/Library/Cookies/Cookies.binarycookies
2015-05-14 16:19:11.740 HelloWorld[3353:59528] Apache Cordova native platform version 3.8.0 is starting.
2015-05-14 16:19:11.740 HelloWorld[3353:59528] Multi-tasking -> Device: YES, App: YES
2015-05-14 16:19:11.742 HelloWorld[3353:59528] Unlimited access to network resources
2015-05-14 16:19:11.745 HelloWorld[3353:59528] 

Started backup to iCloud! Please be careful.
Your application might be rejected by Apple if you store too much data.
For more information please read "iOS Data Storage Guidelines" at:
https://developer.apple.com/icloud/documentation/data-storage/
To disable web storage backup to iCloud, set the BackupWebStorage preference to "local" in the Cordova config.xml file

2015-05-14 16:19:11.961 HelloWorld[3353:59528] Resetting plugins due to page load.
2015-05-14 16:19:12.082 HelloWorld[3353:59528] Finished load of: file:///Users/letterbomb/Library/Developer/CoreSimulator/Devices/2764D36B-C747-4D25-9A04-718E5C419988/data/Containers/Bundle/Application/19A85E9E-0A2E-4BB3-BBE2-1BD043816E33/HelloWorld.app/www/index.html
2015-05-14 16:22:13.342 HelloWorld[3353:61455] Terminating since there is no system app.
2015-05-14 16:22:41.096 HelloWorld[3545:62299] DiskCookieStorage changing policy from 2 to 0, cookie file: file:///Users/letterbomb/Library/Developer/CoreSimulator/Devices/2764D36B-C747-4D25-9A04-718E5C419988/data/Containers/Data/Application/BBFBD02C-C26B-478D-8272-446EF759EDA7/Library/Cookies/Cookies.binarycookies
2015-05-14 16:22:41.451 HelloWorld[3545:62299] Apache Cordova native platform version 3.8.0 is starting.
2015-05-14 16:22:41.452 HelloWorld[3545:62299] Multi-tasking -> Device: YES, App: YES
2015-05-14 16:22:41.462 HelloWorld[3545:62299] Unlimited access to network resources
2015-05-14 16:22:41.472 HelloWorld[3545:62299] 

Started backup to iCloud! Please be careful.
Your application might be rejected by Apple if you store too much data.
For more information please read "iOS Data Storage Guidelines" at:
https://developer.apple.com/icloud/documentation/data-storage/
To disable web storage backup to iCloud, set the BackupWebStorage preference to "local" in the Cordova config.xml file

2015-05-14 16:22:42.013 HelloWorld[3545:62299] Resetting plugins due to page load.
2015-05-14 16:22:42.244 HelloWorld[3545:62299] Finished load of: file:///Users/letterbomb/Library/Developer/CoreSimulator/Devices/2764D36B-C747-4D25-9A04-718E5C419988/data/Containers/Bundle/Application/8943CDAD-B494-4348-B276-E050EAD3BE3C/HelloWorld.app/www/index.html
2015-05-14 16:23:55.177 HelloWorld[3705:63581] DiskCookieStorage changing policy from 2 to 0, cookie file: file:///Users/letterbomb/Library/Developer/CoreSimulator/Devices/2764D36B-C747-4D25-9A04-718E5C419988/data/Containers/Data/Application/27764966-ABA2-4C5E-A592-2496CE08A933/Library/Cookies/Cookies.binarycookies
2015-05-14 16:23:55.349 HelloWorld[3705:63581] Apache Cordova native platform version 3.8.0 is starting.
2015-05-14 16:23:55.350 HelloWorld[3705:63581] Multi-tasking -> Device: YES, App: YES
2015-05-14 16:23:55.352 HelloWorld[3705:63581] Unlimited access to network resources
2015-05-14 16:23:55.354 HelloWorld[3705:63581] 

Started backup to iCloud! Please be careful.
Your application might be rejected by Apple if you store too much data.
For more information please read "iOS Data Storage Guidelines" at:
https://developer.apple.com/icloud/documentation/data-storage/
To disable web storage backup to iCloud, set the BackupWebStorage preference to "local" in the Cordova config.xml file

2015-05-14 16:23:55.573 HelloWorld[3705:63581] Resetting plugins due to page load.
2015-05-14 16:23:55.692 HelloWorld[3705:63581] Finished load of: file:///Users/letterbomb/Library/Developer/CoreSimulator/Devices/2764D36B-C747-4D25-9A04-718E5C419988/data/Containers/Bundle/Application/5A643DBB-93D9-4C2F-AB46-8BCC378618E4/HelloWorld.app/www/index.html
2015-05-14 16:25:29.250 HelloWorld[3870:64833] DiskCookieStorage changing policy from 2 to 0, cookie file: file:///Users/letterbomb/Library/Developer/CoreSimulator/Devices/2764D36B-C747-4D25-9A04-718E5C419988/data/Containers/Data/Application/123D25CA-B170-44D1-9E7F-E86ACC50BBC1/Library/Cookies/Cookies.binarycookies
2015-05-14 16:25:29.531 HelloWorld[3870:64833] Apache Cordova native platform version 3.8.0 is starting.
2015-05-14 16:25:29.531 HelloWorld[3870:64833] Multi-tasking -> Device: YES, App: YES
2015-05-14 16:25:29.543 HelloWorld[3870:64833] Unlimited access to network resources
2015-05-14 16:25:29.551 HelloWorld[3870:64833] 

Started backup to iCloud! Please be careful.
Your application might be rejected by Apple if you store too much data.
For more information please read "iOS Data Storage Guidelines" at:
https://developer.apple.com/icloud/documentation/data-storage/
To disable web storage backup to iCloud, set the BackupWebStorage preference to "local" in the Cordova config.xml file

2015-05-14 16:25:30.083 HelloWorld[3870:64833] Resetting plugins due to page load.
2015-05-14 16:25:30.282 HelloWorld[3870:64833] Finished load of: file:///Users/letterbomb/Library/Developer/CoreSimulator/Devices/2764D36B-C747-4D25-9A04-718E5C419988/data/Containers/Bundle/Application/28B4F451-636E-417F-AF46-751A514A3EE2/HelloWorld.app/www/index.html
2015-05-14 16:27:31.774 HelloWorld[4133:66491] DiskCookieStorage changing policy from 2 to 0, cookie file: file:///Users/letterbomb/Library/Developer/CoreSimulator/Devices/2764D36B-C747-4D25-9A04-718E5C419988/data/Containers/Data/Application/301D06FC-0161-4CC4-AD9E-55EBBA4CC103/Library/Cookies/Cookies.binarycookies
2015-05-14 16:27:32.046 HelloWorld[4133:66491] Apache Cordova native platform version 3.8.0 is starting.
2015-05-14 16:27:32.046 HelloWorld[4133:66491] Multi-tasking -> Device: YES, App: YES
2015-05-14 16:27:32.062 HelloWorld[4133:66491] Unlimited access to network resources
2015-05-14 16:27:32.073 HelloWorld[4133:66491] 

Started backup to iCloud! Please be careful.
Your application might be rejected by Apple if you store too much data.
For more information please read "iOS Data Storage Guidelines" at:
https://developer.apple.com/icloud/documentation/data-storage/
To disable web storage backup to iCloud, set the BackupWebStorage preference to "local" in the Cordova config.xml file

2015-05-14 16:27:32.682 HelloWorld[4133:66491] Resetting plugins due to page load.
2015-05-14 16:27:32.917 HelloWorld[4133:66491] Finished load of: file:///Users/letterbomb/Library/Developer/CoreSimulator/Devices/2764D36B-C747-4D25-9A04-718E5C419988/data/Containers/Bundle/Application/2839AF54-244F-4B6E-A653-6CD0667FBF19/HelloWorld.app/www/index.html
2015-05-14 16:45:56.627 HelloWorld[4975:77343] DiskCookieStorage changing policy from 2 to 0, cookie file: file:///Users/letterbomb/Library/Developer/CoreSimulator/Devices/2764D36B-C747-4D25-9A04-718E5C419988/data/Containers/Data/Application/F6CC59F9-F171-4CC9-A0DA-061010F93AF1/Library/Cookies/Cookies.binarycookies
2015-05-14 16:45:56.958 HelloWorld[4975:77343] Apache Cordova native platform version 3.8.0 is starting.
2015-05-14 16:45:56.958 HelloWorld[4975:77343] Multi-tasking -> Device: YES, App: YES
2015-05-14 16:45:56.970 HelloWorld[4975:77343] Unlimited access to network resources
2015-05-14 16:45:56.980 HelloWorld[4975:77343] 

Started backup to iCloud! Please be careful.
Your application might be rejected by Apple if you store too much data.
For more information please read "iOS Data Storage Guidelines" at:
https://developer.apple.com/icloud/documentation/data-storage/
To disable web storage backup to iCloud, set the BackupWebStorage preference to "local" in the Cordova config.xml file

2015-05-14 16:45:57.553 HelloWorld[4975:77343] Resetting plugins due to page load.
2015-05-14 16:45:57.787 HelloWorld[4975:77343] Finished load of: file:///Users/letterbomb/Library/Developer/CoreSimulator/Devices/2764D36B-C747-4D25-9A04-718E5C419988/data/Containers/Bundle/Application/15B02352-CF8C-4B0F-8AC3-094E93435520/HelloWorld.app/www/index.html
2015-05-14 16:46:34.318 HelloWorld[4975:77701] Terminating since there is no system app.
2015-05-14 17:11:51.611 HelloWorld[5164:85344] DiskCookieStorage changing policy from 2 to 0, cookie file: file:///Users/letterbomb/Library/Developer/CoreSimulator/Devices/2764D36B-C747-4D25-9A04-718E5C419988/data/Containers/Data/Application/B11801EE-6965-45A0-8828-8C47E235AD69/Library/Cookies/Cookies.binarycookies
2015-05-14 17:11:51.982 HelloWorld[5164:85344] Apache Cordova native platform version 3.8.0 is starting.
2015-05-14 17:11:51.983 HelloWorld[5164:85344] Multi-tasking -> Device: YES, App: YES
2015-05-14 17:11:52.001 HelloWorld[5164:85344] Unlimited access to network resources
2015-05-14 17:11:52.016 HelloWorld[5164:85344] 

Started backup to iCloud! Please be careful.
Your application might be rejected by Apple if you store too much data.
For more information please read "iOS Data Storage Guidelines" at:
https://developer.apple.com/icloud/documentation/data-storage/
To disable web storage backup to iCloud, set the BackupWebStorage preference to "local" in the Cordova config.xml file

2015-05-14 17:11:52.693 HelloWorld[5164:85344] Resetting plugins due to page load.
2015-05-14 17:11:52.894 HelloWorld[5164:85344] Finished load of: file:///Users/letterbomb/Library/Developer/CoreSimulator/Devices/2764D36B-C747-4D25-9A04-718E5C419988/data/Containers/Bundle/Application/5FFAE60A-96AD-4C8F-B85C-F62F2E14BC5A/HelloWorld.app/www/index.html
2015-05-14 18:21:13.747 HelloWorld[5742:106606] DiskCookieStorage changing policy from 2 to 0, cookie file: file:///Users/letterbomb/Library/Developer/CoreSimulator/Devices/2764D36B-C747-4D25-9A04-718E5C419988/data/Containers/Data/Application/F008B015-9F9A-49FC-BA0B-299C1067E960/Library/Cookies/Cookies.binarycookies
2015-05-14 18:21:14.287 HelloWorld[5742:106606] Apache Cordova native platform version 3.8.0 is starting.
2015-05-14 18:21:14.288 HelloWorld[5742:106606] Multi-tasking -> Device: YES, App: YES
2015-05-14 18:21:14.314 HelloWorld[5742:106606] Unlimited access to network resources
2015-05-14 18:21:14.335 HelloWorld[5742:106606] 

Started backup to iCloud! Please be careful.
Your application might be rejected by Apple if you store too much data.
For more information please read "iOS Data Storage Guidelines" at:
https://developer.apple.com/icloud/documentation/data-storage/
To disable web storage backup to iCloud, set the BackupWebStorage preference to "local" in the Cordova config.xml file

2015-05-14 18:21:15.203 HelloWorld[5742:106606] Resetting plugins due to page load.
2015-05-14 18:21:15.714 HelloWorld[5742:106606] Finished load of: file:///Users/letterbomb/Library/Developer/CoreSimulator/Devices/2764D36B-C747-4D25-9A04-718E5C419988/data/Containers/Bundle/Application/F2D7B18F-285F-48F2-875E-8489D3E897ED/HelloWorld.app/www/index.html
2015-05-14 19:14:52.488 HelloWorld[5969:118663] DiskCookieStorage changing policy from 2 to 0, cookie file: file:///Users/letterbomb/Library/Developer/CoreSimulator/Devices/2764D36B-C747-4D25-9A04-718E5C419988/data/Containers/Data/Application/68CEEF82-B0F4-4EDE-84BB-7204E718FB18/Library/Cookies/Cookies.binarycookies
2015-05-14 19:14:53.052 HelloWorld[5969:118663] Apache Cordova native platform version 3.8.0 is starting.
2015-05-14 19:14:53.053 HelloWorld[5969:118663] Multi-tasking -> Device: YES, App: YES
2015-05-14 19:14:53.073 HelloWorld[5969:118663] Unlimited access to network resources
2015-05-14 19:14:53.086 HelloWorld[5969:118663] 

Started backup to iCloud! Please be careful.
Your application might be rejected by Apple if you store too much data.
For more information please read "iOS Data Storage Guidelines" at:
https://developer.apple.com/icloud/documentation/data-storage/
To disable web storage backup to iCloud, set the BackupWebStorage preference to "local" in the Cordova config.xml file

2015-05-14 19:14:53.964 HelloWorld[5969:118663] Resetting plugins due to page load.
2015-05-14 19:14:54.427 HelloWorld[5969:118663] Finished load of: file:///Users/letterbomb/Library/Developer/CoreSimulator/Devices/2764D36B-C747-4D25-9A04-718E5C419988/data/Containers/Bundle/Application/9BEDC02E-E28A-4DF8-88D8-77988EC194F3/HelloWorld.app/www/index.html
2015-05-14 19:15:59.003 HelloWorld[5969:118769] Communications error: <OS_xpc_error: <error: 0x2d9c5f4> { count = 1, contents =
	"XPCErrorDescription" => <string: 0x2d9c83c> { length = 22, contents = "Connection interrupted" }
}>
